14:35:14.892 [main] INFO org.springframework.test.context.support.AnnotationConfigContextLoaderUtils -- Could not detect default configuration classes for test class [com.eddie.hungry_belly_backend.HungryBellyBackendApplicationTests]: HungryBellyBackendApplicationTests does not declare any static, non-private, non-final, nested classes annotated with @Configuration.
14:35:15.073 [main] INFO org.springframework.boot.test.context.SpringBootTestContextBootstrapper -- Found @SpringBootConfiguration com.eddie.hungry_belly_backend.HungryBellyBackendApplication for test class com.eddie.hungry_belly_backend.HungryBellyBackendApplicationTests
14:35:15.349 [main] INFO org.springframework.boot.devtools.restart.RestartApplicationListener -- Restart disabled due to context in which it is running

  .   ____          _            __ _ _
 /\\ / ___'_ __ _ _(_)_ __  __ _ \ \ \ \
( ( )\___ | '_ | '_| | '_ \/ _` | \ \ \ \
 \\/  ___)| |_)| | | | | || (_| |  ) ) ) )
  '  |____| .__|_| |_|_| |_\__, | / / / /
 =========|_|==============|___/=/_/_/_/

 :: Spring Boot ::               (v3.5.11)

2026-03-24T14:35:15.827+07:00  INFO 22344 --- [hungry-belly-backend] [           main] c.e.h.HungryBellyBackendApplicationTests : Starting HungryBellyBackendApplicationTests using Java 21.0.8 with PID 22344 (started by sonhai in D:\projects\hungry-belly\hungry-belly-backend)
2026-03-24T14:35:15.830+07:00  INFO 22344 --- [hungry-belly-backend] [           main] c.e.h.HungryBellyBackendApplicationTests : The following 1 profile is active: "test"
2026-03-24T14:35:17.288+07:00  INFO 22344 --- [hungry-belly-backend] [           main] .s.d.r.c.RepositoryConfigurationDelegate : Bootstrapping Spring Data JPA repositories in DEFAULT mode.
2026-03-24T14:35:17.436+07:00  INFO 22344 --- [hungry-belly-backend] [           main] .s.d.r.c.RepositoryConfigurationDelegate : Finished Spring Data repository scanning in 122 ms. Found 2 JPA repository interfaces.
2026-03-24T14:35:18.446+07:00  INFO 22344 --- [hungry-belly-backend] [           main] o.hibernate.jpa.internal.util.LogHelper  : HHH000204: Processing PersistenceUnitInfo [name: default]
2026-03-24T14:35:18.548+07:00  INFO 22344 --- [hungry-belly-backend] [           main] org.hibernate.Version                    : HHH000412: Hibernate ORM core version 6.6.42.Final
2026-03-24T14:35:18.614+07:00  INFO 22344 --- [hungry-belly-backend] [           main] o.h.c.internal.RegionFactoryInitiator    : HHH000026: Second-level cache disabled
2026-03-24T14:35:19.232+07:00  INFO 22344 --- [hungry-belly-backend] [           main] o.s.o.j.p.SpringPersistenceUnitInfo      : No LoadTimeWeaver setup: ignoring JPA class transformer
2026-03-24T14:35:19.306+07:00  INFO 22344 --- [hungry-belly-backend] [           main] com.zaxxer.hikari.HikariDataSource       : HikariPool-1 - Starting...
2026-03-24T14:35:19.626+07:00  INFO 22344 --- [hungry-belly-backend] [           main] com.zaxxer.hikari.pool.HikariPool        : HikariPool-1 - Added connection conn0: url=jdbc:h2:mem:hungry_belly_test user=SA
2026-03-24T14:35:19.628+07:00  INFO 22344 --- [hungry-belly-backend] [           main] com.zaxxer.hikari.HikariDataSource       : HikariPool-1 - Start completed.
2026-03-24T14:35:19.721+07:00  INFO 22344 --- [hungry-belly-backend] [           main] org.hibernate.orm.connections.pooling    : HHH10001005: Database info:
	Database JDBC URL [Connecting through datasource 'HikariDataSource (HikariPool-1)']
	Database driver: undefined/unknown
	Database version: 2.3.232
	Autocommit mode: undefined/unknown
	Isolation level: undefined/unknown
	Minimum pool size: undefined/unknown
	Maximum pool size: undefined/unknown
2026-03-24T14:35:20.832+07:00  INFO 22344 --- [hungry-belly-backend] [           main] o.h.e.t.j.p.i.JtaPlatformInitiator       : HHH000489: No JTA platform available (set 'hibernate.transaction.jta.platform' to enable JTA platform integration)
2026-03-24T14:35:20.896+07:00  INFO 22344 --- [hungry-belly-backend] [           main] j.LocalContainerEntityManagerFactoryBean : Initialized JPA EntityManagerFactory for persistence unit 'default'
2026-03-24T14:35:21.510+07:00  INFO 22344 --- [hungry-belly-backend] [           main] o.s.d.j.r.query.QueryEnhancerFactory     : Hibernate is in classpath; If applicable, HQL parser will be used.
2026-03-24T14:35:22.490+07:00  WARN 22344 --- [hungry-belly-backend] [           main] JpaBaseConfiguration$JpaWebConfiguration : spring.jpa.open-in-view is enabled by default. Therefore, database queries may be performed during view rendering. Explicitly configure spring.jpa.open-in-view to disable this warning
2026-03-24T14:35:22.550+07:00  WARN 22344 --- [hungry-belly-backend] [           main] .s.s.UserDetailsServiceAutoConfiguration : 

Using generated security password: afd68758-655a-4d0c-ae2b-30521a96ed3d

This generated password is for development use only. Your security configuration must be updated before running your application in production.

2026-03-24T14:35:22.573+07:00  INFO 22344 --- [hungry-belly-backend] [           main] r$InitializeUserDetailsManagerConfigurer : Global AuthenticationManager configured with UserDetailsService bean with name inMemoryUserDetailsManager
2026-03-24T14:35:23.735+07:00  INFO 22344 --- [hungry-belly-backend] [           main] c.e.h.HungryBellyBackendApplicationTests : Started HungryBellyBackendApplicationTests in 8.403 seconds (process running for 10.128)
Mockito is currently self-attaching to enable the inline-mock-maker. This will no longer work in future releases of the JDK. Please add Mockito as an agent to your build as described in Mockito's documentation: https://javadoc.io/doc/org.mockito/mockito-core/latest/org.mockito/org/mockito/Mockito.html#0.3
WARNING: A Java agent has been loaded dynamically (C:\Users\sonhai\.m2\repository\net\bytebuddy\byte-buddy-agent\1.17.8\byte-buddy-agent-1.17.8.jar)
WARNING: If a serviceability tool is in use, please run with -XX:+EnableDynamicAgentLoading to hide this warning
WARNING: If a serviceability tool is not in use, please run with -Djdk.instrument.traceUsage for more information
WARNING: Dynamic loading of agents will be disallowed by default in a future release
Java HotSpot(TM) 64-Bit Server VM warning: Sharing is only supported for boot loader classes because bootstrap classpath has been appended
2026-03-24T14:35:24.403+07:00  INFO 22344 --- [hungry-belly-backend] [           main] t.c.s.AnnotationConfigContextLoaderUtils : Could not detect default configuration classes for test class [com.eddie.hungry_belly_backend.role.RoleRepositoryTests]: RoleRepositoryTests does not declare any static, non-private, non-final, nested classes annotated with @Configuration.
2026-03-24T14:35:24.498+07:00  INFO 22344 --- [hungry-belly-backend] [           main] .b.t.c.SpringBootTestContextBootstrapper : Found @SpringBootConfiguration com.eddie.hungry_belly_backend.HungryBellyBackendApplication for test class com.eddie.hungry_belly_backend.role.RoleRepositoryTests
2026-03-24T14:35:24.510+07:00  INFO 22344 --- [hungry-belly-backend] [           main] o.s.b.d.r.RestartApplicationListener     : Restart disabled due to context in which it is running

  .   ____          _            __ _ _
 /\\ / ___'_ __ _ _(_)_ __  __ _ \ \ \ \
( ( )\___ | '_ | '_| | '_ \/ _` | \ \ \ \
 \\/  ___)| |_)| | | | | || (_| |  ) ) ) )
  '  |____| .__|_| |_|_| |_\__, | / / / /
 =========|_|==============|___/=/_/_/_/

 :: Spring Boot ::               (v3.5.11)

2026-03-24T14:35:24.556+07:00  INFO 22344 --- [hungry-belly-backend] [           main] c.e.h.role.RoleRepositoryTests           : Starting RoleRepositoryTests using Java 21.0.8 with PID 22344 (started by sonhai in D:\projects\hungry-belly\hungry-belly-backend)
2026-03-24T14:35:24.556+07:00  INFO 22344 --- [hungry-belly-backend] [           main] c.e.h.role.RoleRepositoryTests           : The following 1 profile is active: "test"
2026-03-24T14:35:24.721+07:00  INFO 22344 --- [hungry-belly-backend] [           main] .s.d.r.c.RepositoryConfigurationDelegate : Bootstrapping Spring Data JPA repositories in DEFAULT mode.
2026-03-24T14:35:24.761+07:00  INFO 22344 --- [hungry-belly-backend] [           main] .s.d.r.c.RepositoryConfigurationDelegate : Finished Spring Data repository scanning in 36 ms. Found 2 JPA repository interfaces.
2026-03-24T14:35:24.780+07:00  INFO 22344 --- [hungry-belly-backend] [           main] beddedDataSourceBeanFactoryPostProcessor : Replacing 'dataSource' DataSource bean with embedded version
2026-03-24T14:35:24.808+07:00  INFO 22344 --- [hungry-belly-backend] [           main] o.s.j.d.e.EmbeddedDatabaseFactory        : Starting embedded database: url='jdbc:h2:mem:87d1d2b2-bb03-451d-8843-705eccf294e8;DB_CLOSE_DELAY=-1;DB_CLOSE_ON_EXIT=false', username='sa'
2026-03-24T14:35:24.858+07:00  INFO 22344 --- [hungry-belly-backend] [           main] o.hibernate.jpa.internal.util.LogHelper  : HHH000204: Processing PersistenceUnitInfo [name: default]
2026-03-24T14:35:24.863+07:00  INFO 22344 --- [hungry-belly-backend] [           main] o.h.c.internal.RegionFactoryInitiator    : HHH000026: Second-level cache disabled
2026-03-24T14:35:24.880+07:00  INFO 22344 --- [hungry-belly-backend] [           main] o.s.o.j.p.SpringPersistenceUnitInfo      : No LoadTimeWeaver setup: ignoring JPA class transformer
2026-03-24T14:35:24.884+07:00  INFO 22344 --- [hungry-belly-backend] [           main] org.hibernate.orm.connections.pooling    : HHH10001005: Database info:
	Database JDBC URL [Connecting through datasource 'org.springframework.jdbc.datasource.embedded.EmbeddedDatabaseFactory$EmbeddedDataSourceProxy@4a1bb556']
	Database driver: undefined/unknown
	Database version: 2.3.232
	Autocommit mode: undefined/unknown
	Isolation level: undefined/unknown
	Minimum pool size: undefined/unknown
	Maximum pool size: undefined/unknown
2026-03-24T14:35:24.954+07:00  INFO 22344 --- [hungry-belly-backend] [           main] o.h.e.t.j.p.i.JtaPlatformInitiator       : HHH000489: No JTA platform available (set 'hibernate.transaction.jta.platform' to enable JTA platform integration)
Hibernate: 
    drop table if exists roles cascade 
Hibernate: 
    drop table if exists user_roles cascade 
Hibernate: 
    drop table if exists users cascade 
Hibernate: 
    create table roles (
        id bigint generated by default as identity,
        name varchar(40) not null unique,
        description varchar(150) not null,
        primary key (id)
    )
Hibernate: 
    create table user_roles (
        role_id bigint not null,
        user_id bigint not null,
        primary key (role_id, user_id)
    )
Hibernate: 
    create table users (
        deleted boolean not null,
        enabled boolean not null,
        id bigint generated by default as identity,
        first_name varchar(45) not null,
        last_name varchar(45) not null,
        password varchar(64) not null,
        photo varchar(64),
        email varchar(120) not null unique,
        primary key (id)
    )
Hibernate: 
    alter table if exists user_roles 
       add constraint FKh8ciramu9cc9q3qcqiv4ue8a6 
       foreign key (role_id) 
       references roles
Hibernate: 
    alter table if exists user_roles 
       add constraint FKhfh9dx7w3ubf1co1vdev94g3f 
       foreign key (user_id) 
       references users
2026-03-24T14:35:24.966+07:00  INFO 22344 --- [hungry-belly-backend] [           main] j.LocalContainerEntityManagerFactoryBean : Initialized JPA EntityManagerFactory for persistence unit 'default'
2026-03-24T14:35:25.037+07:00  INFO 22344 --- [hungry-belly-backend] [           main] c.e.h.role.RoleRepositoryTests           : Started RoleRepositoryTests in 0.528 seconds (process running for 11.431)
Hibernate: 
    insert 
    into
        roles
        (description, name, id) 
    values
        (?, ?, default)
Hibernate: 
    insert 
    into
        roles
        (description, name, id) 
    values
        (?, ?, default)
Hibernate: 
    insert 
    into
        roles
        (description, name, id) 
    values
        (?, ?, default)
Hibernate: 
    insert 
    into
        roles
        (description, name, id) 
    values
        (?, ?, default)
Hibernate: 
    insert 
    into
        roles
        (description, name, id) 
    values
        (?, ?, default)
$2a$10$q6N3pG0ZkLRHNNCfZ669oOTmTVy6modMn5At.RVaYRgYrx0X5VjQa
2026-03-24T14:35:25.511+07:00  INFO 22344 --- [hungry-belly-backend] [           main] t.c.s.AnnotationConfigContextLoaderUtils : Could not detect default configuration classes for test class [com.eddie.hungry_belly_backend.user.UserRepositoryTests]: UserRepositoryTests does not declare any static, non-private, non-final, nested classes annotated with @Configuration.
2026-03-24T14:35:25.547+07:00  INFO 22344 --- [hungry-belly-backend] [           main] .b.t.c.SpringBootTestContextBootstrapper : Found @SpringBootConfiguration com.eddie.hungry_belly_backend.HungryBellyBackendApplication for test class com.eddie.hungry_belly_backend.user.UserRepositoryTests
Hibernate: 
    insert 
    into
        roles
        (description, name, id) 
    values
        (?, ?, default)
Hibernate: 
    insert 
    into
        roles
        (description, name, id) 
    values
        (?, ?, default)
Hibernate: 
    insert 
    into
        roles
        (description, name, id) 
    values
        (?, ?, default)
Hibernate: 
    insert 
    into
        roles
        (description, name, id) 
    values
        (?, ?, default)
Hibernate: 
    insert 
    into
        roles
        (description, name, id) 
    values
        (?, ?, default)
Hibernate: 
    insert 
    into
        users
        (deleted, email, enabled, first_name, last_name, password, photo, id) 
    values
        (?, ?, ?, ?, ?, ?, ?, default)
Hibernate: 
    insert 
    into
        user_roles
        (user_id, role_id) 
    values
        (?, ?)
Hibernate: 
    insert 
    into
        users
        (deleted, email, enabled, first_name, last_name, password, photo, id) 
    values
        (?, ?, ?, ?, ?, ?, ?, default)
Hibernate: 
    insert 
    into
        user_roles
        (user_id, role_id) 
    values
        (?, ?)
Hibernate: 
    insert 
    into
        user_roles
        (user_id, role_id) 
    values
        (?, ?)
Hibernate: 
    insert 
    into
        users
        (deleted, email, enabled, first_name, last_name, password, photo, id) 
    values
        (?, ?, ?, ?, ?, ?, ?, default)
Hibernate: 
    insert 
    into
        user_roles
        (user_id, role_id) 
    values
        (?, ?)
Hibernate: 
    select
        u1_0.id 
    from
        users u1_0 
    where
        u1_0.email=? 
    fetch
        first ? rows only
Hibernate: 
    select
        u1_0.id 
    from
        users u1_0 
    where
        u1_0.email=? 
    fetch
        first ? rows only
Hibernate: 
    insert 
    into
        roles
        (description, name, id) 
    values
        (?, ?, default)
Hibernate: 
    insert 
    into
        roles
        (description, name, id) 
    values
        (?, ?, default)
Hibernate: 
    insert 
    into
        roles
        (description, name, id) 
    values
        (?, ?, default)
Hibernate: 
    insert 
    into
        roles
        (description, name, id) 
    values
        (?, ?, default)
Hibernate: 
    insert 
    into
        roles
        (description, name, id) 
    values
        (?, ?, default)
Hibernate: 
    insert 
    into
        users
        (deleted, email, enabled, first_name, last_name, password, photo, id) 
    values
        (?, ?, ?, ?, ?, ?, ?, default)
Hibernate: 
    insert 
    into
        user_roles
        (user_id, role_id) 
    values
        (?, ?)
Hibernate: 
    insert 
    into
        users
        (deleted, email, enabled, first_name, last_name, password, photo, id) 
    values
        (?, ?, ?, ?, ?, ?, ?, default)
Hibernate: 
    insert 
    into
        user_roles
        (user_id, role_id) 
    values
        (?, ?)
Hibernate: 
    insert 
    into
        user_roles
        (user_id, role_id) 
    values
        (?, ?)
Hibernate: 
    insert 
    into
        users
        (deleted, email, enabled, first_name, last_name, password, photo, id) 
    values
        (?, ?, ?, ?, ?, ?, ?, default)
Hibernate: 
    insert 
    into
        user_roles
        (user_id, role_id) 
    values
        (?, ?)
Hibernate: 
    select
        u1_0.id,
        u1_0.deleted,
        u1_0.email,
        u1_0.enabled,
        u1_0.first_name,
        u1_0.last_name,
        u1_0.password,
        u1_0.photo 
    from
        users u1_0
Hibernate: 
    insert 
    into
        roles
        (description, name, id) 
    values
        (?, ?, default)
Hibernate: 
    insert 
    into
        roles
        (description, name, id) 
    values
        (?, ?, default)
Hibernate: 
    insert 
    into
        roles
        (description, name, id) 
    values
        (?, ?, default)
Hibernate: 
    insert 
    into
        roles
        (description, name, id) 
    values
        (?, ?, default)
Hibernate: 
    insert 
    into
        roles
        (description, name, id) 
    values
        (?, ?, default)
Hibernate: 
    insert 
    into
        users
        (deleted, email, enabled, first_name, last_name, password, photo, id) 
    values
        (?, ?, ?, ?, ?, ?, ?, default)
Hibernate: 
    insert 
    into
        user_roles
        (user_id, role_id) 
    values
        (?, ?)
Hibernate: 
    insert 
    into
        users
        (deleted, email, enabled, first_name, last_name, password, photo, id) 
    values
        (?, ?, ?, ?, ?, ?, ?, default)
Hibernate: 
    insert 
    into
        user_roles
        (user_id, role_id) 
    values
        (?, ?)
Hibernate: 
    insert 
    into
        user_roles
        (user_id, role_id) 
    values
        (?, ?)
Hibernate: 
    insert 
    into
        users
        (deleted, email, enabled, first_name, last_name, password, photo, id) 
    values
        (?, ?, ?, ?, ?, ?, ?, default)
Hibernate: 
    insert 
    into
        user_roles
        (user_id, role_id) 
    values
        (?, ?)
Hibernate: 
    select
        r1_0.id,
        r1_0.description,
        r1_0.name 
    from
        roles r1_0 
    where
        r1_0.id=?
Hibernate: 
    insert 
    into
        users
        (deleted, email, enabled, first_name, last_name, password, photo, id) 
    values
        (?, ?, ?, ?, ?, ?, ?, default)
Hibernate: 
    insert 
    into
        user_roles
        (user_id, role_id) 
    values
        (?, ?)
Hibernate: 
    insert 
    into
        roles
        (description, name, id) 
    values
        (?, ?, default)
Hibernate: 
    insert 
    into
        roles
        (description, name, id) 
    values
        (?, ?, default)
Hibernate: 
    insert 
    into
        roles
        (description, name, id) 
    values
        (?, ?, default)
Hibernate: 
    insert 
    into
        roles
        (description, name, id) 
    values
        (?, ?, default)
Hibernate: 
    insert 
    into
        roles
        (description, name, id) 
    values
        (?, ?, default)
Hibernate: 
    insert 
    into
        users
        (deleted, email, enabled, first_name, last_name, password, photo, id) 
    values
        (?, ?, ?, ?, ?, ?, ?, default)
Hibernate: 
    insert 
    into
        user_roles
        (user_id, role_id) 
    values
        (?, ?)
Hibernate: 
    insert 
    into
        users
        (deleted, email, enabled, first_name, last_name, password, photo, id) 
    values
        (?, ?, ?, ?, ?, ?, ?, default)
Hibernate: 
    insert 
    into
        user_roles
        (user_id, role_id) 
    values
        (?, ?)
Hibernate: 
    insert 
    into
        user_roles
        (user_id, role_id) 
    values
        (?, ?)
Hibernate: 
    insert 
    into
        users
        (deleted, email, enabled, first_name, last_name, password, photo, id) 
    values
        (?, ?, ?, ?, ?, ?, ?, default)
Hibernate: 
    insert 
    into
        user_roles
        (user_id, role_id) 
    values
        (?, ?)
Hibernate: 
    update
        users u1_0 
    set
        enabled=? 
    where
        u1_0.id=?
Hibernate: 
    select
        u1_0.id,
        u1_0.deleted,
        u1_0.email,
        u1_0.enabled,
        u1_0.first_name,
        u1_0.last_name,
        u1_0.password,
        u1_0.photo 
    from
        users u1_0 
    where
        u1_0.id=?
Hibernate: 
    insert 
    into
        roles
        (description, name, id) 
    values
        (?, ?, default)
Hibernate: 
    insert 
    into
        roles
        (description, name, id) 
    values
        (?, ?, default)
Hibernate: 
    insert 
    into
        roles
        (description, name, id) 
    values
        (?, ?, default)
Hibernate: 
    insert 
    into
        roles
        (description, name, id) 
    values
        (?, ?, default)
Hibernate: 
    insert 
    into
        roles
        (description, name, id) 
    values
        (?, ?, default)
Hibernate: 
    insert 
    into
        users
        (deleted, email, enabled, first_name, last_name, password, photo, id) 
    values
        (?, ?, ?, ?, ?, ?, ?, default)
Hibernate: 
    insert 
    into
        user_roles
        (user_id, role_id) 
    values
        (?, ?)
Hibernate: 
    insert 
    into
        users
        (deleted, email, enabled, first_name, last_name, password, photo, id) 
    values
        (?, ?, ?, ?, ?, ?, ?, default)
Hibernate: 
    insert 
    into
        user_roles
        (user_id, role_id) 
    values
        (?, ?)
Hibernate: 
    insert 
    into
        user_roles
        (user_id, role_id) 
    values
        (?, ?)
Hibernate: 
    insert 
    into
        users
        (deleted, email, enabled, first_name, last_name, password, photo, id) 
    values
        (?, ?, ?, ?, ?, ?, ?, default)
Hibernate: 
    insert 
    into
        user_roles
        (user_id, role_id) 
    values
        (?, ?)
Hibernate: 
    select
        u1_0.id,
        u1_0.deleted,
        u1_0.email,
        u1_0.enabled,
        u1_0.first_name,
        u1_0.last_name,
        u1_0.password,
        u1_0.photo 
    from
        users u1_0 
    where
        u1_0.id=?
Hibernate: 
    insert 
    into
        roles
        (description, name, id) 
    values
        (?, ?, default)
Hibernate: 
    insert 
    into
        roles
        (description, name, id) 
    values
        (?, ?, default)
Hibernate: 
    insert 
    into
        roles
        (description, name, id) 
    values
        (?, ?, default)
Hibernate: 
    insert 
    into
        roles
        (description, name, id) 
    values
        (?, ?, default)
Hibernate: 
    insert 
    into
        roles
        (description, name, id) 
    values
        (?, ?, default)
Hibernate: 
    insert 
    into
        users
        (deleted, email, enabled, first_name, last_name, password, photo, id) 
    values
        (?, ?, ?, ?, ?, ?, ?, default)
Hibernate: 
    insert 
    into
        user_roles
        (user_id, role_id) 
    values
        (?, ?)
Hibernate: 
    insert 
    into
        users
        (deleted, email, enabled, first_name, last_name, password, photo, id) 
    values
        (?, ?, ?, ?, ?, ?, ?, default)
Hibernate: 
    insert 
    into
        user_roles
        (user_id, role_id) 
    values
        (?, ?)
Hibernate: 
    insert 
    into
        user_roles
        (user_id, role_id) 
    values
        (?, ?)
Hibernate: 
    insert 
    into
        users
        (deleted, email, enabled, first_name, last_name, password, photo, id) 
    values
        (?, ?, ?, ?, ?, ?, ?, default)
Hibernate: 
    insert 
    into
        user_roles
        (user_id, role_id) 
    values
        (?, ?)
Hibernate: 
    select
        u1_0.id,
        u1_0.deleted,
        u1_0.email,
        u1_0.enabled,
        u1_0.first_name,
        u1_0.last_name,
        u1_0.password,
        u1_0.photo 
    from
        users u1_0 
    where
        u1_0.id=?
Hibernate: 
    insert 
    into
        roles
        (description, name, id) 
    values
        (?, ?, default)
Hibernate: 
    insert 
    into
        roles
        (description, name, id) 
    values
        (?, ?, default)
Hibernate: 
    insert 
    into
        roles
        (description, name, id) 
    values
        (?, ?, default)
Hibernate: 
    insert 
    into
        roles
        (description, name, id) 
    values
        (?, ?, default)
Hibernate: 
    insert 
    into
        roles
        (description, name, id) 
    values
        (?, ?, default)
Hibernate: 
    insert 
    into
        users
        (deleted, email, enabled, first_name, last_name, password, photo, id) 
    values
        (?, ?, ?, ?, ?, ?, ?, default)
Hibernate: 
    insert 
    into
        user_roles
        (user_id, role_id) 
    values
        (?, ?)
Hibernate: 
    insert 
    into
        users
        (deleted, email, enabled, first_name, last_name, password, photo, id) 
    values
        (?, ?, ?, ?, ?, ?, ?, default)
Hibernate: 
    insert 
    into
        user_roles
        (user_id, role_id) 
    values
        (?, ?)
Hibernate: 
    insert 
    into
        user_roles
        (user_id, role_id) 
    values
        (?, ?)
Hibernate: 
    insert 
    into
        users
        (deleted, email, enabled, first_name, last_name, password, photo, id) 
    values
        (?, ?, ?, ?, ?, ?, ?, default)
Hibernate: 
    insert 
    into
        user_roles
        (user_id, role_id) 
    values
        (?, ?)
Hibernate: 
    select
        u1_0.id,
        u1_0.deleted,
        u1_0.email,
        u1_0.enabled,
        u1_0.first_name,
        u1_0.last_name,
        u1_0.password,
        u1_0.photo 
    from
        users u1_0 
    where
        u1_0.id=?
Hibernate: 
    select
        r1_0.id,
        r1_0.description,
        r1_0.name 
    from
        roles r1_0 
    where
        r1_0.id=?
Hibernate: 
    select
        r1_0.id,
        r1_0.description,
        r1_0.name 
    from
        roles r1_0 
    where
        r1_0.id=?
Hibernate: 
    select
        r1_0.user_id,
        r1_1.id,
        r1_1.description,
        r1_1.name 
    from
        user_roles r1_0 
    join
        roles r1_1 
            on r1_1.id=r1_0.role_id 
    where
        r1_0.user_id=?
Hibernate: 
    insert 
    into
        roles
        (description, name, id) 
    values
        (?, ?, default)
Hibernate: 
    insert 
    into
        roles
        (description, name, id) 
    values
        (?, ?, default)
Hibernate: 
    insert 
    into
        roles
        (description, name, id) 
    values
        (?, ?, default)
Hibernate: 
    insert 
    into
        roles
        (description, name, id) 
    values
        (?, ?, default)
Hibernate: 
    insert 
    into
        roles
        (description, name, id) 
    values
        (?, ?, default)
Hibernate: 
    insert 
    into
        users
        (deleted, email, enabled, first_name, last_name, password, photo, id) 
    values
        (?, ?, ?, ?, ?, ?, ?, default)
Hibernate: 
    insert 
    into
        user_roles
        (user_id, role_id) 
    values
        (?, ?)
Hibernate: 
    insert 
    into
        users
        (deleted, email, enabled, first_name, last_name, password, photo, id) 
    values
        (?, ?, ?, ?, ?, ?, ?, default)
Hibernate: 
    insert 
    into
        user_roles
        (user_id, role_id) 
    values
        (?, ?)
Hibernate: 
    insert 
    into
        user_roles
        (user_id, role_id) 
    values
        (?, ?)
Hibernate: 
    insert 
    into
        users
        (deleted, email, enabled, first_name, last_name, password, photo, id) 
    values
        (?, ?, ?, ?, ?, ?, ?, default)
Hibernate: 
    insert 
    into
        user_roles
        (user_id, role_id) 
    values
        (?, ?)
Hibernate: 
    select
        count(u1_0.id) 
    from
        users u1_0 
    where
        u1_0.id=?
Hibernate: 
    insert 
    into
        roles
        (description, name, id) 
    values
        (?, ?, default)
Hibernate: 
    insert 
    into
        roles
        (description, name, id) 
    values
        (?, ?, default)
Hibernate: 
    insert 
    into
        roles
        (description, name, id) 
    values
        (?, ?, default)
Hibernate: 
    insert 
    into
        roles
        (description, name, id) 
    values
        (?, ?, default)
Hibernate: 
    insert 
    into
        roles
        (description, name, id) 
    values
        (?, ?, default)
Hibernate: 
    insert 
    into
        users
        (deleted, email, enabled, first_name, last_name, password, photo, id) 
    values
        (?, ?, ?, ?, ?, ?, ?, default)
Hibernate: 
    insert 
    into
        user_roles
        (user_id, role_id) 
    values
        (?, ?)
Hibernate: 
    insert 
    into
        users
        (deleted, email, enabled, first_name, last_name, password, photo, id) 
    values
        (?, ?, ?, ?, ?, ?, ?, default)
Hibernate: 
    insert 
    into
        user_roles
        (user_id, role_id) 
    values
        (?, ?)
Hibernate: 
    insert 
    into
        user_roles
        (user_id, role_id) 
    values
        (?, ?)
Hibernate: 
    insert 
    into
        users
        (deleted, email, enabled, first_name, last_name, password, photo, id) 
    values
        (?, ?, ?, ?, ?, ?, ?, default)
Hibernate: 
    insert 
    into
        user_roles
        (user_id, role_id) 
    values
        (?, ?)
Hibernate: 
    select
        r1_0.id,
        r1_0.description,
        r1_0.name 
    from
        roles r1_0 
    where
        r1_0.id=?
Hibernate: 
    select
        r1_0.id,
        r1_0.description,
        r1_0.name 
    from
        roles r1_0 
    where
        r1_0.id=?
Hibernate: 
    insert 
    into
        users
        (deleted, email, enabled, first_name, last_name, password, photo, id) 
    values
        (?, ?, ?, ?, ?, ?, ?, default)
Hibernate: 
    insert 
    into
        user_roles
        (user_id, role_id) 
    values
        (?, ?)
Hibernate: 
    insert 
    into
        user_roles
        (user_id, role_id) 
    values
        (?, ?)
Hibernate: 
    insert 
    into
        roles
        (description, name, id) 
    values
        (?, ?, default)
Hibernate: 
    insert 
    into
        roles
        (description, name, id) 
    values
        (?, ?, default)
Hibernate: 
    insert 
    into
        roles
        (description, name, id) 
    values
        (?, ?, default)
Hibernate: 
    insert 
    into
        roles
        (description, name, id) 
    values
        (?, ?, default)
Hibernate: 
    insert 
    into
        roles
        (description, name, id) 
    values
        (?, ?, default)
Hibernate: 
    insert 
    into
        users
        (deleted, email, enabled, first_name, last_name, password, photo, id) 
    values
        (?, ?, ?, ?, ?, ?, ?, default)
Hibernate: 
    insert 
    into
        user_roles
        (user_id, role_id) 
    values
        (?, ?)
Hibernate: 
    insert 
    into
        users
        (deleted, email, enabled, first_name, last_name, password, photo, id) 
    values
        (?, ?, ?, ?, ?, ?, ?, default)
Hibernate: 
    insert 
    into
        user_roles
        (user_id, role_id) 
    values
        (?, ?)
Hibernate: 
    insert 
    into
        user_roles
        (user_id, role_id) 
    values
        (?, ?)
Hibernate: 
    insert 
    into
        users
        (deleted, email, enabled, first_name, last_name, password, photo, id) 
    values
        (?, ?, ?, ?, ?, ?, ?, default)
Hibernate: 
    insert 
    into
        user_roles
        (user_id, role_id) 
    values
        (?, ?)
Hibernate: 
    select
        u1_0.id,
        u1_0.deleted,
        u1_0.email,
        u1_0.enabled,
        u1_0.first_name,
        u1_0.last_name,
        u1_0.password,
        u1_0.photo 
    from
        users u1_0 
    where
        u1_0.id=?
